0001                         ********************************************
0002                         *
0003                         * This program will add data1 and data3 and subtract data2 
0004                         *	Dwayne Williams, 16141671
0005                         *
0006                         *                                Table to be filled out
0007                         *     Step    |    PC         |   Register A |   Memory $B003 |   NZVC    |
0008                         *     ----------------------------------------------------------------------------
0009                         *       1     |     $C003     |      $0A     |      $00       |   0000    |
0010                         *       2     |     $C006     |      $FB     |      $00       |   1001    |
0011                         *       3     |     $C009     |      $15     |      $00       |   0001    |
0012                         *       4     |     $C00C     |      $15     |      $15       |   0001    |
0013                         *
0014                         ********************************************
0015                         * data location starts at $B000
0016 b000                    	ORG         $B000
0017 b000 0a                 DATA1	FCB     	10
0018 b001 0f                 DATA2	FCB     	15
0019 b002 1a                 DATA3	FCB     	$1A
0020 b003                    RESULT	RMB	1     		reserve storage for answer
0021                         
0022                         * main program starts at $C000
0023 c000                    	ORG         $C000
0024                         
0025 c000 b6 b0 00           	LDAA	DATA1   			*load A with data1
0026 c003 b0 b0 01           	SUBA	DATA2   			*subtract data2 from A
0027 c006 bb b0 02           	ADDA	DATA3   			*add data3 to A
0028 c009 b7 b0 03           	STAA	RESULT			*store A in RESULT
0029 c00c 20 fe              DONE	BRA	DONE   		*a little goofy, but convenient
0030                         END                    			*Tells the Assembler that we’re done

DATA1      b000
DATA2      b001
DATA3      b002
DONE       c00c
END        c00e
RESULT     b003
